<?xml version="1.0" encoding="UTF-8"?>
<robot generator="Robot 4.1 (Python 3.9.6 on win32)" generated="20210721 18:32:35.475" rpa="false" schemaversion="2">
<suite id="s1" name="TesteBlogTest" source="c:\QArentenaRobot\QarentenaBlogTest\TesteBlogTest.robot">
<test id="s1-t1" name="Caso de teste 01: Pesquisar um post">
<kw name="Acessar a página do blog" library="ResourceBlogTest">
<kw name="Open Browser" library="SeleniumLibrary">
<arg>url=${URL}</arg>
<arg>browser=${BROWSER}</arg>
<doc>Opens a new browser instance to the optional ``url``.</doc>
<msg timestamp="20210721 18:32:37.880" level="INFO">Opening browser 'chrome' to base url 'https://robotizandotestes.blogspot.com/'.</msg>
<status status="PASS" starttime="20210721 18:32:37.877" endtime="20210721 18:33:02.363"/>
</kw>
<kw name="Title Should Be" library="SeleniumLibrary">
<arg>Robotizando Testes</arg>
<doc>Verifies that the current page title equals ``title``.</doc>
<msg timestamp="20210721 18:33:02.413" level="INFO">Page title is 'Robotizando Testes'.</msg>
<status status="PASS" starttime="20210721 18:33:02.367" endtime="20210721 18:33:02.414"/>
</kw>
<status status="PASS" starttime="20210721 18:32:37.872" endtime="20210721 18:33:02.416"/>
</kw>
<kw name="Pesquisar por um post com &quot;Season Premiere: Introdução ao Robot Framework&quot;" library="ResourceBlogTest" sourcename="Pesquisar por um post com &quot;${TEXTO_PESQUISA}&quot;">
<kw name="Click Button" library="SeleniumLibrary">
<arg>css=${BTN_PESQUISAR}</arg>
<doc>Clicks the button identified by ``locator``.</doc>
<msg timestamp="20210721 18:33:02.432" level="INFO">Clicking button 'css=button.search-expand.touch-icon-button'.</msg>
<status status="PASS" starttime="20210721 18:33:02.427" endtime="20210721 18:33:03.369"/>
</kw>
<kw name="Input Text" library="SeleniumLibrary">
<arg>${INPUT_PESQUISAR}</arg>
<arg>${TEXTO_PESQUISA}</arg>
<doc>Types the given ``text`` into the text field identified by ``locator``.</doc>
<msg timestamp="20210721 18:33:03.377" level="INFO">Typing text 'Season Premiere: Introdução ao Robot Framework' into text field 'name=q'.</msg>
<status status="PASS" starttime="20210721 18:33:03.372" endtime="20210721 18:33:05.286"/>
</kw>
<kw name="Click Element" library="SeleniumLibrary">
<arg>${SUBMIT_PESQUISAR}</arg>
<doc>Click the element identified by ``locator``.</doc>
<msg timestamp="20210721 18:33:05.293" level="INFO">Clicking element 'css=input.search-action.flat-button'.</msg>
<status status="PASS" starttime="20210721 18:33:05.290" endtime="20210721 18:33:11.580"/>
</kw>
<status status="PASS" starttime="20210721 18:33:02.422" endtime="20210721 18:33:11.583"/>
</kw>
<kw name="Conferir mensagem de pesquisa por &quot;Season Premiere: Introdução ao Robot Framework&quot;" library="ResourceBlogTest" sourcename="Conferir mensagem de pesquisa por &quot;${MSG_DESEJADA}&quot;">
<kw name="Page Should Contain" library="SeleniumLibrary">
<arg>${MSG_DESEJADA}</arg>
<doc>Verifies that current page contains ``text``.</doc>
<msg timestamp="20210721 18:33:11.846" level="INFO">Current page contains text 'Season Premiere: Introdução ao Robot Framework'.</msg>
<status status="PASS" starttime="20210721 18:33:11.595" endtime="20210721 18:33:11.848"/>
</kw>
<status status="PASS" starttime="20210721 18:33:11.590" endtime="20210721 18:33:11.851"/>
</kw>
<kw name="Fechar o navegador" library="ResourceBlogTest">
<kw name="Close Browser" library="SeleniumLibrary">
<doc>Closes the current browser.</doc>
<status status="PASS" starttime="20210721 18:33:11.877" endtime="20210721 18:33:17.941"/>
</kw>
<status status="PASS" starttime="20210721 18:33:11.873" endtime="20210721 18:33:17.943"/>
</kw>
<status status="PASS" starttime="20210721 18:32:37.868" endtime="20210721 18:33:17.948"/>
</test>
<test id="s1-t2" name="Caso de teste 02: Ler um post">
<kw name="Acessar a página do blog" library="ResourceBlogTest">
<kw name="Open Browser" library="SeleniumLibrary">
<arg>url=${URL}</arg>
<arg>browser=${BROWSER}</arg>
<doc>Opens a new browser instance to the optional ``url``.</doc>
<msg timestamp="20210721 18:33:17.981" level="INFO">Opening browser 'chrome' to base url 'https://robotizandotestes.blogspot.com/'.</msg>
<status status="PASS" starttime="20210721 18:33:17.974" endtime="20210721 18:33:41.151"/>
</kw>
<kw name="Title Should Be" library="SeleniumLibrary">
<arg>Robotizando Testes</arg>
<doc>Verifies that the current page title equals ``title``.</doc>
<msg timestamp="20210721 18:33:41.206" level="INFO">Page title is 'Robotizando Testes'.</msg>
<status status="PASS" starttime="20210721 18:33:41.153" endtime="20210721 18:33:41.207"/>
</kw>
<status status="PASS" starttime="20210721 18:33:17.968" endtime="20210721 18:33:41.209"/>
</kw>
<kw name="Acessar o post &quot;Season Premiere: Introdução ao Robot Framework&quot;" library="ResourceBlogTest" sourcename="Acessar o post &quot;${TEXTO_PESQUISA}&quot;">
<kw name="Pesquisar por um post com &quot;${TEXTO_PESQUISA}&quot;" library="ResourceBlogTest" sourcename="Pesquisar por um post com &quot;${TEXTO_PESQUISA}&quot;">
<kw name="Click Button" library="SeleniumLibrary">
<arg>css=${BTN_PESQUISAR}</arg>
<doc>Clicks the button identified by ``locator``.</doc>
<msg timestamp="20210721 18:33:41.228" level="INFO">Clicking button 'css=button.search-expand.touch-icon-button'.</msg>
<status status="PASS" starttime="20210721 18:33:41.224" endtime="20210721 18:33:42.312"/>
</kw>
<kw name="Input Text" library="SeleniumLibrary">
<arg>${INPUT_PESQUISAR}</arg>
<arg>${TEXTO_PESQUISA}</arg>
<doc>Types the given ``text`` into the text field identified by ``locator``.</doc>
<msg timestamp="20210721 18:33:42.319" level="INFO">Typing text 'Season Premiere: Introdução ao Robot Framework' into text field 'name=q'.</msg>
<status status="PASS" starttime="20210721 18:33:42.314" endtime="20210721 18:33:44.182"/>
</kw>
<kw name="Click Element" library="SeleniumLibrary">
<arg>${SUBMIT_PESQUISAR}</arg>
<doc>Click the element identified by ``locator``.</doc>
<msg timestamp="20210721 18:33:44.189" level="INFO">Clicking element 'css=input.search-action.flat-button'.</msg>
<status status="PASS" starttime="20210721 18:33:44.184" endtime="20210721 18:33:49.520"/>
</kw>
<status status="PASS" starttime="20210721 18:33:41.219" endtime="20210721 18:33:49.522"/>
</kw>
<kw name="Click Element" library="SeleniumLibrary">
<arg>${LINK_POST}</arg>
<doc>Click the element identified by ``locator``.</doc>
<msg timestamp="20210721 18:33:49.526" level="INFO">Clicking element 'css=#Blog1 &gt; div.blog-posts.hfeed.container &gt; article:nth-child(2) &gt; div &gt; div &gt; h3 &gt; a'.</msg>
<kw name="Capture Page Screenshot" library="SeleniumLibrary">
<doc>Takes a screenshot of the current page and embeds it into a log file.</doc>
<msg timestamp="20210721 18:33:50.473" level="INFO" html="true">&lt;/td&gt;&lt;/tr&gt;&lt;tr&gt;&lt;td colspan="3"&gt;&lt;a href="selenium-screenshot-7.png"&gt;&lt;img src="selenium-screenshot-7.png" width="800px"&gt;&lt;/a&gt;</msg>
<status status="PASS" starttime="20210721 18:33:49.618" endtime="20210721 18:33:50.474"/>
</kw>
<msg timestamp="20210721 18:33:50.515" level="FAIL">Element with locator 'css=#Blog1 &gt; div.blog-posts.hfeed.container &gt; article:nth-child(2) &gt; div &gt; div &gt; h3 &gt; a' not found.</msg>
<status status="FAIL" starttime="20210721 18:33:49.523" endtime="20210721 18:33:50.530"/>
</kw>
<kw name="Wait Until Page Contains" library="SeleniumLibrary">
<arg>O que é Robot Framework?</arg>
<doc>Waits until ``text`` appears on the current page.</doc>
<status status="NOT RUN" starttime="20210721 18:33:50.540" endtime="20210721 18:33:50.545"/>
</kw>
<status status="FAIL" starttime="20210721 18:33:41.214" endtime="20210721 18:33:50.554"/>
</kw>
<kw name="Conferir se a imagem do robô aparece" library="ResourceBlogTest">
<status status="NOT RUN" starttime="20210721 18:33:50.638" endtime="20210721 18:33:50.639"/>
</kw>
<kw name="Conferir se o texto &quot;nesse post vou apresentar-lhes o astro deste blog&quot; aparece" library="ResourceBlogTest" sourcename="Conferir se o texto &quot;${texto}&quot; aparece">
<status status="NOT RUN" starttime="20210721 18:33:50.648" endtime="20210721 18:33:50.649"/>
</kw>
<kw name="Fechar o navegador" library="ResourceBlogTest">
<status status="NOT RUN" starttime="20210721 18:33:50.652" endtime="20210721 18:33:50.653"/>
</kw>
<status status="FAIL" starttime="20210721 18:33:17.962" endtime="20210721 18:33:50.658">Element with locator 'css=#Blog1 &gt; div.blog-posts.hfeed.container &gt; article:nth-child(2) &gt; div &gt; div &gt; h3 &gt; a' not found.</status>
</test>
<status status="FAIL" starttime="20210721 18:32:35.495" endtime="20210721 18:33:50.822"/>
</suite>
<statistics>
<total>
<stat pass="1" fail="1" skip="0">All Tests</stat>
</total>
<tag>
</tag>
<suite>
<stat pass="1" fail="1" skip="0" id="s1" name="TesteBlogTest">TesteBlogTest</stat>
</suite>
</statistics>
<errors>
</errors>
</robot>
